<?xml version="1.0" encoding="UTF-8"?>
<testsuite name="com.bridgelabz.InvoiceServiceTest" tests="3" skipped="0" failures="0" errors="0" timestamp="2021-09-09T06:34:29" hostname="LAPTOP-NGQU5TVV" time="0.017">
  <properties/>
  <testcase name="givenLessDistanceAndTime_ShouldReturnMinFare()" classname="com.bridgelabz.InvoiceServiceTest" time="0.014"/>
  <testcase name="givenMultipleRides_ShouldReturnTotalFare()" classname="com.bridgelabz.InvoiceServiceTest" time="0.001"/>
  <testcase name="givenDistanceAndTime_ShouldReturnTotalFare()" classname="com.bridgelabz.InvoiceServiceTest" time="0.001"/>
  <system-out><![CDATA[]]></system-out>
  <system-err><![CDATA[]]></system-err>
</testsuite>
