<?xml version="1.0" encoding="UTF-8"?>
<testsuite name="com.bridgelabz.InvoiceServiceTest" tests="4" skipped="0" failures="0" errors="0" timestamp="2021-09-10T06:54:50" hostname="LAPTOP-NGQU5TVV" time="0.017">
  <properties/>
  <testcase name="givenLessDistanceAndTime_ShouldReturnMinFare()" classname="com.bridgelabz.InvoiceServiceTest" time="0.013"/>
  <testcase name="givenDistanceAndTime_ShouldReturnTotalFare()" classname="com.bridgelabz.InvoiceServiceTest" time="0.001"/>
  <testcase name="givenUserId_shouldReturnInvoiceSummary()" classname="com.bridgelabz.InvoiceServiceTest" time="0.002"/>
  <testcase name="givenMultipleRides_ShouldReturnInvoiceSummary()" classname="com.bridgelabz.InvoiceServiceTest" time="0.001"/>
  <system-out><![CDATA[]]></system-out>
  <system-err><![CDATA[]]></system-err>
</testsuite>
